2025-10-19 18:03:40.496 [info] Started initializing default profile extensions in extensions installation folder. file:///home/asd/.vscode/extensions
2025-10-19 18:03:40.693 [warning] Failed to create default profile extensions manifest in extensions installation folder. file:///home/asd/.vscode/extensions Unable to create file 'vscode-userdata:/home/asd/.vscode/extensions/extensions.json' that already exists when overwrite flag is not set
2025-10-19 18:03:40.694 [info] Completed initializing default profile extensions in extensions installation folder. file:///home/asd/.vscode/extensions
2025-10-19 18:04:10.602 [info] Getting Manifest... ms-python.python
2025-10-19 18:04:10.851 [info] Installing extension: ms-python.python {"isMachineScoped":false,"installPreReleaseVersion":false,"pinned":false,"profileLocation":{"$mid":1,"external":"vscode-userdata:/home/asd/.vscode/extensions/extensions.json","path":"/home/asd/.vscode/extensions/extensions.json","scheme":"vscode-userdata"},"isApplicationScoped":false,"productVersion":{"version":"1.105.1","date":"2025-10-14T22:33:36.618Z"}}
2025-10-19 18:04:11.271 [info] Getting Manifest... ms-python.debugpy
2025-10-19 18:04:11.325 [info] Getting Manifest... ms-python.vscode-python-envs
2025-10-19 18:04:11.376 [info] Getting Manifest... ms-python.vscode-pylance
2025-10-19 18:04:11.459 [info] Installing extension: ms-python.debugpy {"isMachineScoped":false,"installPreReleaseVersion":false,"pinned":false,"profileLocation":{"$mid":1,"external":"vscode-userdata:/home/asd/.vscode/extensions/extensions.json","path":"/home/asd/.vscode/extensions/extensions.json","scheme":"vscode-userdata"},"isApplicationScoped":false,"productVersion":{"version":"1.105.1","date":"2025-10-14T22:33:36.618Z"},"installGivenVersion":false,"context":{"dependecyOrPackExtensionInstall":true}}
2025-10-19 18:04:11.460 [info] Installing extension: ms-python.vscode-python-envs {"isMachineScoped":false,"installPreReleaseVersion":false,"pinned":false,"profileLocation":{"$mid":1,"external":"vscode-userdata:/home/asd/.vscode/extensions/extensions.json","path":"/home/asd/.vscode/extensions/extensions.json","scheme":"vscode-userdata"},"isApplicationScoped":false,"productVersion":{"version":"1.105.1","date":"2025-10-14T22:33:36.618Z"},"installGivenVersion":false,"context":{"dependecyOrPackExtensionInstall":true}}
2025-10-19 18:04:11.461 [info] Installing extension: ms-python.vscode-pylance {"isMachineScoped":false,"installPreReleaseVersion":false,"pinned":false,"profileLocation":{"$mid":1,"external":"vscode-userdata:/home/asd/.vscode/extensions/extensions.json","path":"/home/asd/.vscode/extensions/extensions.json","scheme":"vscode-userdata"},"isApplicationScoped":false,"productVersion":{"version":"1.105.1","date":"2025-10-14T22:33:36.618Z"},"installGivenVersion":false,"context":{"dependecyOrPackExtensionInstall":true}}
2025-10-19 18:04:31.570 [info] Extension signature verification result for ms-python.vscode-python-envs: Success. Internal Code: 0. Executed: true. Duration: 3297ms.
2025-10-19 18:04:31.961 [info] Extracted extension to file:///home/asd/.vscode/extensions/ms-python.vscode-python-envs-1.10.0-linux-x64: ms-python.vscode-python-envs
2025-10-19 18:04:31.991 [info] Renamed to /home/asd/.vscode/extensions/ms-python.vscode-python-envs-1.10.0-linux-x64
2025-10-19 18:04:32.356 [info] Extension signature verification result for ms-python.debugpy: Success. Internal Code: 0. Executed: true. Duration: 3374ms.
2025-10-19 18:04:33.123 [info] Extracted extension to file:///home/asd/.vscode/extensions/ms-python.debugpy-2025.14.1-linux-x64: ms-python.debugpy
2025-10-19 18:04:33.165 [info] Renamed to /home/asd/.vscode/extensions/ms-python.debugpy-2025.14.1-linux-x64
2025-10-19 18:04:42.133 [info] Extension signature verification result for ms-python.vscode-pylance: Success. Internal Code: 0. Executed: true. Duration: 1671ms.
2025-10-19 18:04:42.157 [info] Extension signature verification result for ms-python.python: Success. Internal Code: 0. Executed: true. Duration: 1550ms.
2025-10-19 18:04:44.797 [info] Extracted extension to file:///home/asd/.vscode/extensions/ms-python.python-2025.16.0-linux-x64: ms-python.python
2025-10-19 18:04:44.927 [info] Renamed to /home/asd/.vscode/extensions/ms-python.python-2025.16.0-linux-x64
2025-10-19 18:04:49.229 [info] Extracted extension to file:///home/asd/.vscode/extensions/ms-python.vscode-pylance-2025.8.3: ms-python.vscode-pylance
2025-10-19 18:04:49.586 [info] Renamed to /home/asd/.vscode/extensions/ms-python.vscode-pylance-2025.8.3
2025-10-19 18:04:49.632 [info] Extension installed successfully: ms-python.vscode-python-envs vscode-userdata:/home/asd/.vscode/extensions/extensions.json
2025-10-19 18:04:49.633 [info] Extension installed successfully: ms-python.debugpy vscode-userdata:/home/asd/.vscode/extensions/extensions.json
2025-10-19 18:04:49.633 [info] Extension installed successfully: ms-python.python vscode-userdata:/home/asd/.vscode/extensions/extensions.json
2025-10-19 18:04:49.634 [info] Extension installed successfully: ms-python.vscode-pylance vscode-userdata:/home/asd/.vscode/extensions/extensions.json
